<?xml version="1.0" encoding="UTF-8"?>
<!-- Generated by org.testng.reporters.JUnitReportReporter -->
<testsuite hostname="ojt1-PC" name="Driverfactory.AppTest" tests="1" failures="0" timestamp="6 Dec 2019 07:48:28 GMT" time="14.506" errors="0">
  <testcase name="f" time="14.506" classname="Driverfactory.AppTest"/>
</testsuite> <!-- Driverfactory.AppTest -->
